#
# A fatal error has been detected by the Java Runtime Environment:
#
#  SIGSEGV (0xb) at pc=0x0000000107d393bc, pid=84089, tid=19203
#
# JRE version: Java(TM) SE Runtime Environment (7.0_80-b15) (build 1.7.0_80-b15)
# Java VM: Java HotSpot(TM) 64-Bit Server VM (24.80-b11 mixed mode bsd-amd64 compressed oops)
# Problematic frame:
# V  [libjvm.dylib+0x3393bc]  jvmti_IsMethodSynthetic+0xb9
#
# Failed to write core dump. Core dumps have been disabled. To enable core dumping, try "ulimit -c unlimited" before starting Java again
#
# If you would like to submit a bug report, please visit:
#   http://bugreport.java.com/bugreport/crash.jsp
#

---------------  T H R E A D  ---------------

Current thread (0x00007ffde8006000):  JavaThread "JDWP Transport Listener: dt_socket" daemon [_thread_in_vm, id=19203, stack(0x000070000a55f000,0x000070000a65f000)]

siginfo:si_signo=SIGSEGV: si_errno=0, si_code=0 (SEGV0), si_addr=0x0000000000000000

Registers:
RAX=0x0000000000000001, RBX=0x000070000a65ea8b, RCX=0x0000000000000000, RDX=0x000070000a65ea8b
RSP=0x000070000a65e9f0, RBP=0x000070000a65ea40, RSI=0x00007ffde8006000, RDI=0x00007ffde5902110
R8 =0x0000000000000001, R9 =0x00007ffde4c3a690, R10=0x0000000000000001, R11=0x0000000000000002
R12=0x00007ffde8006000, R13=0x746e456873614824, R14=0x746e456873614824, R15=0x00007ffde5902110
RIP=0x0000000107d393bc, EFLAGS=0x0000000000010206, ERR=0x0000000000000000
  TRAPNO=0x000000000000000d

Top of Stack: (sp=0x000070000a65e9f0)
0x000070000a65e9f0:   00007ffde8006000 0000000000000000
0x000070000a65ea00:   0000000000000000 0000000000000000
0x000070000a65ea10:   00007ffde8006000 00007ffde8006000
0x000070000a65ea20:   000070000a65ea8b 000070000a65ea90
0x000070000a65ea30:   746e456873614824 0000000000000005
0x000070000a65ea40:   000070000a65ea60 00000001084851a8
0x000070000a65ea50:   0000000000000001 000070000a65eb08
0x000070000a65ea60:   000070000a65ead0 0000000108469fbb
0x000070000a65ea70:   000070000a65eaa0 00007ffde4c3cf60
0x000070000a65ea80:   0000000600000032 0000000a0065eb08
0x000070000a65ea90:   0000000000000000 0000000000000000
0x000070000a65eaa0:   0000000000000000 000070000a65ec90
0x000070000a65eab0:   000000010848cdc2 00007ffde4f05370
0x000070000a65eac0:   000070000a65eb08 0000000108498588
0x000070000a65ead0:   000070000a65eae0 000000010846a0b4
0x000070000a65eae0:   000070000a65ed00 0000000108473642
0x000070000a65eaf0:   0000186000000013 00000000000f0200
0x000070000a65eb00:   00007ffde4f05340 00007ffde4c3d120
0x000070000a65eb10:   00007ffd00000158 00007ffde4c3b690
0x000070000a65eb20:   00007ffd0000012c 000070000a65eb58
0x000070000a65eb30:   00007ffde4c3b690 0000000000000000
0x000070000a65eb40:   0000186000000030 00007ffd00002480
0x000070000a65eb50:   000070000a65eb58 fd7f000006000000
0x000070000a65eb60:   0d000000083b93e5 727241746e697270
0x000070000a65eb70:   0000007473694c79 2f6176616a4c2818
0x000070000a65eb80:   7272412f6c697475 293b7473694c7961
0x000070000a65eb90:   6a4c282d00000056 6c6974752f617661
0x000070000a65eba0:   694c79617272412f 6176616a4c3c7473
0x000070000a65ebb0:   6e492f676e616c2f 3b3e3b7265676574
0x000070000a65ebc0:   00000a0000005629 0000a03a93e5fd7f
0x000070000a65ebd0:   00006e69616d0400 76616a4c5b281600
0x000070000a65ebe0:   532f676e616c2f61 56293b676e697274 

Instructions: (pc=0x0000000107d393bc)
0x0000000107d3939c:   00 00 00 41 f6 87 68 01 00 00 10 75 07 b8 63 00
0x0000000107d393ac:   00 00 eb 7a 4d 85 f6 75 07 b8 17 00 00 00 eb 6e
0x0000000107d393bc:   4d 8b 36 48 b8 fe fe fe fe fe fe fe fe 49 39 c6
0x0000000107d393cc:   74 e7 4d 85 f6 74 e2 48 8d 05 86 81 4d 00 80 38 

Register to memory mapping:

RAX=0x0000000000000001 is an unknown value
RBX=0x000070000a65ea8b is pointing into the stack for thread: 0x00007ffde8006000
RCX=0x0000000000000000 is an unknown value
RDX=0x000070000a65ea8b is pointing into the stack for thread: 0x00007ffde8006000
RSP=0x000070000a65e9f0 is pointing into the stack for thread: 0x00007ffde8006000
RBP=0x000070000a65ea40 is pointing into the stack for thread: 0x00007ffde8006000
RSI=0x00007ffde8006000 is a thread
RDI=0x00007ffde5902110 is an unknown value
R8 =0x0000000000000001 is an unknown value
R9 =0x00007ffde4c3a690 is an unknown value
R10=0x0000000000000001 is an unknown value
R11=0x0000000000000002 is an unknown value
R12=0x00007ffde8006000 is a thread
R13=0x746e456873614824 is an unknown value
R14=0x746e456873614824 is an unknown value
R15=0x00007ffde5902110 is an unknown value


Stack: [0x000070000a55f000,0x000070000a65f000],  sp=0x000070000a65e9f0,  free space=1022k
Native frames: (J=compiled Java code, j=interpreted, Vv=VM code, C=native code)
V  [libjvm.dylib+0x3393bc]  jvmti_IsMethodSynthetic+0xb9
C  [libjdwp.dylib+0x201a8]  isMethodSynthetic+0x63
C  [libjdwp.dylib+0x4fbb]  methods1+0x10b
C  [libjdwp.dylib+0x50b4]  methodsWithGeneric+0xe
C  [libjdwp.dylib+0xe642]  debugLoop_run+0x1ce
C  [libjdwp.dylib+0x1f0e2]  attachThread+0x4d
V  [libjvm.dylib+0x37a08e]  JvmtiAgentThread::call_start_function()+0x38
V  [libjvm.dylib+0x4f8341]  JavaThread::thread_main_inner()+0x9b
V  [libjvm.dylib+0x4f9a49]  JavaThread::run()+0x1a3
V  [libjvm.dylib+0x422b92]  java_start(Thread*)+0x126
C  [libsystem_pthread.dylib+0x393b]  _pthread_body+0xb4
C  [libsystem_pthread.dylib+0x3887]  _pthread_body+0x0
C  [libsystem_pthread.dylib+0x308d]  thread_start+0xd


---------------  P R O C E S S  ---------------

Java Threads: ( => current thread )
  0x00007ffde6862800 JavaThread "Service Thread" daemon [_thread_blocked, id=21763, stack(0x000070000aa6e000,0x000070000ab6e000)]
  0x00007ffde6838000 JavaThread "C2 CompilerThread1" daemon [_thread_blocked, id=21251, stack(0x000070000a96b000,0x000070000aa6b000)]
  0x00007ffde602d800 JavaThread "C2 CompilerThread0" daemon [_thread_blocked, id=20739, stack(0x000070000a868000,0x000070000a968000)]
  0x00007ffde8007000 JavaThread "JDWP Command Reader" daemon [_thread_in_native, id=20227, stack(0x000070000a765000,0x000070000a865000)]
  0x00007ffde8808000 JavaThread "JDWP Event Helper Thread" daemon [_thread_blocked, id=19715, stack(0x000070000a662000,0x000070000a762000)]
=>0x00007ffde8006000 JavaThread "JDWP Transport Listener: dt_socket" daemon [_thread_in_vm, id=19203, stack(0x000070000a55f000,0x000070000a65f000)]
  0x00007ffde601f000 JavaThread "Signal Dispatcher" daemon [_thread_blocked, id=18691, stack(0x000070000a45c000,0x000070000a55c000)]
  0x00007ffde6823000 JavaThread "Finalizer" daemon [_thread_blocked, id=14595, stack(0x000070000a359000,0x000070000a459000)]
  0x00007ffde6822800 JavaThread "Reference Handler" daemon [_thread_blocked, id=14083, stack(0x000070000a256000,0x000070000a356000)]
  0x00007ffde6805800 JavaThread "main" [_thread_blocked, id=7171, stack(0x0000700009838000,0x0000700009938000)]

Other Threads:
  0x00007ffde6820000 VMThread [stack: 0x000070000a153000,0x000070000a253000] [id=13571]
  0x00007ffde602e800 WatcherThread [stack: 0x000070000ab71000,0x000070000ac71000] [id=22275]

VM state:not at safepoint (normal execution)

VM Mutex/Monitor currently owned by a thread: None

Heap
 PSYoungGen      total 76800K, used 3963K [0x00000007aaa80000, 0x00000007b0000000, 0x0000000800000000)
  eden space 66048K, 6% used [0x00000007aaa80000,0x00000007aae5ec80,0x00000007aeb00000)
  from space 10752K, 0% used [0x00000007af580000,0x00000007af580000,0x00000007b0000000)
  to   space 10752K, 0% used [0x00000007aeb00000,0x00000007aeb00000,0x00000007af580000)
 ParOldGen       total 174592K, used 0K [0x0000000700000000, 0x000000070aa80000, 0x00000007aaa80000)
  object space 174592K, 0% used [0x0000000700000000,0x0000000700000000,0x000000070aa80000)
 PSPermGen       total 21504K, used 2669K [0x00000006fae00000, 0x00000006fc300000, 0x0000000700000000)
  object space 21504K, 12% used [0x00000006fae00000,0x00000006fb09b660,0x00000006fc300000)

Card table byte_map: [0x000000010b56b000,0x000000010bd95000] byte_map_base: 0x0000000107d94000

Polling page: 0x00000001069ee000

Code Cache  [0x00000001084ab000, 0x000000010871b000, 0x000000010b4ab000)
 total_blobs=158 nmethods=0 adapters=136 free_code_cache=48776Kb largest_free_block=49947008

Compilation events (0 events):
No events

GC Heap History (0 events):
No events

Deoptimization events (0 events):
No events

Internal exceptions (10 events):
Event: 0.124 Thread 0x00007ffde6805800 Threw 0x00000007aaaddcd8 at /Users/java_re/workspace/7u-2-build-macosx-x86_64/jdk7u80/2329/hotspot/src/share/vm/prims/jni.cpp:717
Event: 0.124 Thread 0x00007ffde6805800 Threw 0x00000007aaadddf8 at /Users/java_re/workspace/7u-2-build-macosx-x86_64/jdk7u80/2329/hotspot/src/share/vm/prims/jvm.cpp:1319
Event: 0.124 Thread 0x00007ffde6805800 Threw 0x00000007aaaddf20 at /Users/java_re/workspace/7u-2-build-macosx-x86_64/jdk7u80/2329/hotspot/src/share/vm/prims/jvm.cpp:1319
Event: 0.124 Thread 0x00007ffde6805800 Threw 0x00000007aaadec10 at /Users/java_re/workspace/7u-2-build-macosx-x86_64/jdk7u80/2329/hotspot/src/share/vm/prims/jni.cpp:717
Event: 0.124 Thread 0x00007ffde6805800 Threw 0x00000007aaaded30 at /Users/java_re/workspace/7u-2-build-macosx-x86_64/jdk7u80/2329/hotspot/src/share/vm/prims/jvm.cpp:1319
Event: 0.124 Thread 0x00007ffde6805800 Threw 0x00000007aaadee58 at /Users/java_re/workspace/7u-2-build-macosx-x86_64/jdk7u80/2329/hotspot/src/share/vm/prims/jvm.cpp:1319
Event: 0.124 Thread 0x00007ffde6805800 Threw 0x00000007aaadf9c0 at /Users/java_re/workspace/7u-2-build-macosx-x86_64/jdk7u80/2329/hotspot/src/share/vm/prims/jni.cpp:717
Event: 0.124 Thread 0x00007ffde6805800 Threw 0x00000007aaadfae0 at /Users/java_re/workspace/7u-2-build-macosx-x86_64/jdk7u80/2329/hotspot/src/share/vm/prims/jvm.cpp:1319
Event: 0.124 Thread 0x00007ffde6805800 Threw 0x00000007aaadfc08 at /Users/java_re/workspace/7u-2-build-macosx-x86_64/jdk7u80/2329/hotspot/src/share/vm/prims/jvm.cpp:1319
Event: 0.126 Thread 0x00007ffde6805800 Threw 0x00000007aaae9238 at /Users/java_re/workspace/7u-2-build-macosx-x86_64/jdk7u80/2329/hotspot/src/share/vm/prims/jvm.cpp:1319

Events (10 events):
Event: 339.907 Executing VM operation: GetCurrentLocation
Event: 339.907 Executing VM operation: GetCurrentLocation done
Event: 339.907 Executing VM operation: EnterInterpOnlyMode
Event: 339.908 Executing VM operation: EnterInterpOnlyMode done
Event: 339.908 Executing VM operation: ChangeSingleStep
Event: 339.908 Executing VM operation: ChangeSingleStep done
Event: 339.908 Executing VM operation: ChangeSingleStep
Event: 339.908 Executing VM operation: ChangeSingleStep done
Event: 339.909 Executing VM operation: RedefineClasses
Event: 339.910 Executing VM operation: RedefineClasses done


Dynamic libraries:
0x000000003cfe7000 	/System/Library/Frameworks/Cocoa.framework/Versions/A/Cocoa
0x000000003cfe7000 	/System/Library/Frameworks/Security.framework/Versions/A/Security
0x000000003cfe7000 	/System/Library/Frameworks/ApplicationServices.framework/Versions/A/ApplicationServices
0x000000003cfe7000 	/usr/lib/libz.1.dylib
0x000000003cfe7000 	/usr/lib/libSystem.B.dylib
0x000000003cfe7000 	/usr/lib/libobjc.A.dylib
0x000000003cfe7000 	/System/Library/Frameworks/CoreFoundation.framework/Versions/A/CoreFoundation
0x000000003cfe7000 	/System/Library/Frameworks/Foundation.framework/Versions/C/Foundation
0x000000003cfe7000 	/System/Library/Frameworks/AppKit.framework/Versions/C/AppKit
0x000000003cfe7000 	/System/Library/Frameworks/CoreData.framework/Versions/A/CoreData
0x000000003cfe7000 	/System/Library/PrivateFrameworks/RemoteViewServices.framework/Versions/A/RemoteViewServices
0x000000003cfe7000 	/System/Library/PrivateFrameworks/UIFoundation.framework/Versions/A/UIFoundation
0x000000003cfe7000 	/System/Library/PrivateFrameworks/DFRFoundation.framework/Versions/A/DFRFoundation
0x000000003cfe7000 	/usr/lib/libenergytrace.dylib
0x000000003cfe7000 	/System/Library/PrivateFrameworks/SkyLight.framework/Versions/A/SkyLight
0x000000003cfe7000 	/System/Library/Frameworks/CoreGraphics.framework/Versions/A/CoreGraphics
0x000000003cfe7000 	/usr/lib/libScreenReader.dylib
0x000000003cfe7000 	/System/Library/Frameworks/Accelerate.framework/Versions/A/Accelerate
0x000000003cfe7000 	/System/Library/Frameworks/IOSurface.framework/Versions/A/IOSurface
0x000000003cfe7000 	/System/Library/Frameworks/AudioToolbox.framework/Versions/A/AudioToolbox
0x000000003cfe7000 	/System/Library/Frameworks/AudioUnit.framework/Versions/A/AudioUnit
0x000000003cfe7000 	/System/Library/PrivateFrameworks/DataDetectorsCore.framework/Versions/A/DataDetectorsCore
0x000000003cfe7000 	/System/Library/PrivateFrameworks/DesktopServicesPriv.framework/Versions/A/DesktopServicesPriv
0x000000003cfe7000 	/System/Library/Frameworks/Carbon.framework/Versions/A/Frameworks/HIToolbox.framework/Versions/A/HIToolbox
0x000000003cfe7000 	/usr/lib/libicucore.A.dylib
0x000000003cfe7000 	/System/Library/Frameworks/QuartzCore.framework/Versions/A/QuartzCore
0x000000003cfe7000 	/System/Library/Frameworks/Carbon.framework/Versions/A/Frameworks/SpeechRecognition.framework/Versions/A/SpeechRecognition
0x000000003cfe7000 	/usr/lib/libauto.dylib
0x000000003cfe7000 	/usr/lib/libxml2.2.dylib
0x000000003cfe7000 	/System/Library/PrivateFrameworks/CoreUI.framework/Versions/A/CoreUI
0x000000003cfe7000 	/System/Library/Frameworks/CoreAudio.framework/Versions/A/CoreAudio
0x000000003cfe7000 	/System/Library/Frameworks/DiskArbitration.framework/Versions/A/DiskArbitration
0x000000003cfe7000 	/usr/lib/liblangid.dylib
0x000000003cfe7000 	/System/Library/PrivateFrameworks/MultitouchSupport.framework/Versions/A/MultitouchSupport
0x000000003cfe7000 	/System/Library/Frameworks/IOKit.framework/Versions/A/IOKit
0x000000003cfe7000 	/usr/lib/libDiagnosticMessagesClient.dylib
0x000000003cfe7000 	/System/Library/Frameworks/CoreServices.framework/Versions/A/CoreServices
0x000000003cfe7000 	/System/Library/PrivateFrameworks/PerformanceAnalysis.framework/Versions/A/PerformanceAnalysis
0x000000003cfe7000 	/System/Library/PrivateFrameworks/GenerationalStorage.framework/Versions/A/GenerationalStorage
0x000000003cfe7000 	/System/Library/Frameworks/OpenGL.framework/Versions/A/OpenGL
0x000000003cfe7000 	/System/Library/Frameworks/CoreImage.framework/Versions/A/CoreImage
0x000000003cfe7000 	/System/Library/Frameworks/CoreText.framework/Versions/A/CoreText
0x000000003cfe7000 	/System/Library/Frameworks/ImageIO.framework/Versions/A/ImageIO
0x000000003cfe7000 	/System/Library/PrivateFrameworks/Backup.framework/Versions/A/Backup
0x000000003cfe7000 	/usr/lib/libarchive.2.dylib
0x000000003cfe7000 	/System/Library/Frameworks/CFNetwork.framework/Versions/A/CFNetwork
0x000000003cfe7000 	/System/Library/Frameworks/SystemConfiguration.framework/Versions/A/SystemConfiguration
0x000000003cfe7000 	/usr/lib/libCRFSuite.dylib
0x000000003cfe7000 	/usr/lib/libc++.1.dylib
0x000000003cfe7000 	/usr/lib/libc++abi.dylib
0x000000003cfe7000 	/usr/lib/system/libcache.dylib
0x000000003cfe7000 	/usr/lib/system/libcommonCrypto.dylib
0x000000003cfe7000 	/usr/lib/system/libcompiler_rt.dylib
0x000000003cfe7000 	/usr/lib/system/libcopyfile.dylib
0x000000003cfe7000 	/usr/lib/system/libcorecrypto.dylib
0x000000003cfe7000 	/usr/lib/system/libdispatch.dylib
0x000000003cfe7000 	/usr/lib/system/libdyld.dylib
0x000000003cfe7000 	/usr/lib/system/libkeymgr.dylib
0x000000003cfe7000 	/usr/lib/system/liblaunch.dylib
0x000000003cfe7000 	/usr/lib/system/libmacho.dylib
0x000000003cfe7000 	/usr/lib/system/libquarantine.dylib
0x000000003cfe7000 	/usr/lib/system/libremovefile.dylib
0x000000003cfe7000 	/usr/lib/system/libsystem_asl.dylib
0x000000003cfe7000 	/usr/lib/system/libsystem_blocks.dylib
0x000000003cfe7000 	/usr/lib/system/libsystem_c.dylib
0x000000003cfe7000 	/usr/lib/system/libsystem_configuration.dylib
0x000000003cfe7000 	/usr/lib/system/libsystem_coreservices.dylib
0x000000003cfe7000 	/usr/lib/system/libsystem_coretls.dylib
0x000000003cfe7000 	/usr/lib/system/libsystem_dnssd.dylib
0x000000003cfe7000 	/usr/lib/system/libsystem_info.dylib
0x000000003cfe7000 	/usr/lib/system/libsystem_kernel.dylib
0x000000003cfe7000 	/usr/lib/system/libsystem_m.dylib
0x000000003cfe7000 	/usr/lib/system/libsystem_malloc.dylib
0x000000003cfe7000 	/usr/lib/system/libsystem_network.dylib
0x000000003cfe7000 	/usr/lib/system/libsystem_networkextension.dylib
0x000000003cfe7000 	/usr/lib/system/libsystem_notify.dylib
0x000000003cfe7000 	/usr/lib/system/libsystem_platform.dylib
0x000000003cfe7000 	/usr/lib/system/libsystem_pthread.dylib
0x000000003cfe7000 	/usr/lib/system/libsystem_sandbox.dylib
0x000000003cfe7000 	/usr/lib/system/libsystem_secinit.dylib
0x000000003cfe7000 	/usr/lib/system/libsystem_symptoms.dylib
0x000000003cfe7000 	/usr/lib/system/libsystem_trace.dylib
0x000000003cfe7000 	/usr/lib/system/libunwind.dylib
0x000000003cfe7000 	/usr/lib/system/libxpc.dylib
0x000000003cfe7000 	/usr/lib/libbsm.0.dylib
0x000000003cfe7000 	/usr/lib/system/libkxld.dylib
0x000000003cfe7000 	/usr/lib/libcoretls.dylib
0x000000003cfe7000 	/usr/lib/libcoretls_cfhelpers.dylib
0x000000003cfe7000 	/usr/lib/libOpenScriptingUtil.dylib
0x000000003cfe7000 	/usr/lib/libpam.2.dylib
0x000000003cfe7000 	/usr/lib/libsqlite3.dylib
0x000000003cfe7000 	/usr/lib/libxar.1.dylib
0x000000003cfe7000 	/usr/lib/libbz2.1.0.dylib
0x000000003cfe7000 	/usr/lib/liblzma.5.dylib
0x000000003cfe7000 	/usr/lib/libnetwork.dylib
0x000000003cfe7000 	/usr/lib/libpcap.A.dylib
0x000000003cfe7000 	/System/Library/Frameworks/CoreServices.framework/Versions/A/Frameworks/FSEvents.framework/Versions/A/FSEvents
0x000000003cfe7000 	/System/Library/Frameworks/CoreServices.framework/Versions/A/Frameworks/CarbonCore.framework/Versions/A/CarbonCore
0x000000003cfe7000 	/System/Library/Frameworks/CoreServices.framework/Versions/A/Frameworks/Metadata.framework/Versions/A/Metadata
0x000000003cfe7000 	/System/Library/Frameworks/CoreServices.framework/Versions/A/Frameworks/OSServices.framework/Versions/A/OSServices
0x000000003cfe7000 	/System/Library/Frameworks/CoreServices.framework/Versions/A/Frameworks/SearchKit.framework/Versions/A/SearchKit
0x000000003cfe7000 	/System/Library/Frameworks/CoreServices.framework/Versions/A/Frameworks/AE.framework/Versions/A/AE
0x000000003cfe7000 	/System/Library/Frameworks/CoreServices.framework/Versions/A/Frameworks/LaunchServices.framework/Versions/A/LaunchServices
0x000000003cfe7000 	/System/Library/Frameworks/CoreServices.framework/Versions/A/Frameworks/DictionaryServices.framework/Versions/A/DictionaryServices
0x000000003cfe7000 	/System/Library/Frameworks/CoreServices.framework/Versions/A/Frameworks/SharedFileList.framework/Versions/A/SharedFileList
0x000000003cfe7000 	/System/Library/Frameworks/NetFS.framework/Versions/A/NetFS
0x000000003cfe7000 	/System/Library/PrivateFrameworks/NetAuth.framework/Versions/A/NetAuth
0x000000003cfe7000 	/System/Library/PrivateFrameworks/login.framework/Versions/A/Frameworks/loginsupport.framework/Versions/A/loginsupport
0x000000003cfe7000 	/System/Library/PrivateFrameworks/TCC.framework/Versions/A/TCC
0x000000003cfe7000 	/usr/lib/libmecabra.dylib
0x000000003cfe7000 	/System/Library/Frameworks/ApplicationServices.framework/Versions/A/Frameworks/ATS.framework/Versions/A/ATS
0x000000003cfe7000 	/System/Library/Frameworks/ApplicationServices.framework/Versions/A/Frameworks/ColorSync.framework/Versions/A/ColorSync
0x000000003cfe7000 	/System/Library/Frameworks/ApplicationServices.framework/Versions/A/Frameworks/HIServices.framework/Versions/A/HIServices
0x000000003cfe7000 	/System/Library/Frameworks/ApplicationServices.framework/Versions/A/Frameworks/LangAnalysis.framework/Versions/A/LangAnalysis
0x000000003cfe7000 	/System/Library/Frameworks/ApplicationServices.framework/Versions/A/Frameworks/PrintCore.framework/Versions/A/PrintCore
0x000000003cfe7000 	/System/Library/Frameworks/ApplicationServices.framework/Versions/A/Frameworks/QD.framework/Versions/A/QD
0x000000003cfe7000 	/System/Library/Frameworks/ApplicationServices.framework/Versions/A/Frameworks/SpeechSynthesis.framework/Versions/A/SpeechSynthesis
0x000000003cfe7000 	/System/Library/Frameworks/Accelerate.framework/Versions/A/Frameworks/vImage.framework/Versions/A/vImage
0x000000003cfe7000 	/System/Library/Frameworks/Accelerate.framework/Versions/A/Frameworks/vecLib.framework/Versions/A/vecLib
0x000000003cfe7000 	/System/Library/Frameworks/Accelerate.framework/Versions/A/Frameworks/vecLib.framework/Versions/A/libvDSP.dylib
0x000000003cfe7000 	/System/Library/Frameworks/Accelerate.framework/Versions/A/Frameworks/vecLib.framework/Versions/A/libBNNS.dylib
0x000000003cfe7000 	/System/Library/Frameworks/Accelerate.framework/Versions/A/Frameworks/vecLib.framework/Versions/A/libQuadrature.dylib
0x000000003cfe7000 	/System/Library/Frameworks/Accelerate.framework/Versions/A/Frameworks/vecLib.framework/Versions/A/libvMisc.dylib
0x000000003cfe7000 	/System/Library/Frameworks/Accelerate.framework/Versions/A/Frameworks/vecLib.framework/Versions/A/libLAPACK.dylib
0x000000003cfe7000 	/System/Library/Frameworks/Accelerate.framework/Versions/A/Frameworks/vecLib.framework/Versions/A/libBLAS.dylib
0x000000003cfe7000 	/System/Library/Frameworks/Accelerate.framework/Versions/A/Frameworks/vecLib.framework/Versions/A/libLinearAlgebra.dylib
0x000000003cfe7000 	/System/Library/Frameworks/Accelerate.framework/Versions/A/Frameworks/vecLib.framework/Versions/A/libSparseBLAS.dylib
0x000000003cfe7000 	/System/Library/Frameworks/ApplicationServices.framework/Versions/A/Frameworks/ATS.framework/Versions/A/Resources/libFontParser.dylib
0x000000003cfe7000 	/System/Library/Frameworks/ApplicationServices.framework/Versions/A/Frameworks/ATS.framework/Versions/A/Resources/libFontRegistry.dylib
0x000000003cfe7000 	/System/Library/Frameworks/ImageIO.framework/Versions/A/Resources/libJPEG.dylib
0x000000003cfe7000 	/System/Library/Frameworks/ImageIO.framework/Versions/A/Resources/libTIFF.dylib
0x000000003cfe7000 	/System/Library/Frameworks/ImageIO.framework/Versions/A/Resources/libPng.dylib
0x000000003cfe7000 	/System/Library/Frameworks/ImageIO.framework/Versions/A/Resources/libGIF.dylib
0x000000003cfe7000 	/System/Library/Frameworks/ImageIO.framework/Versions/A/Resources/libJP2.dylib
0x000000003cfe7000 	/System/Library/Frameworks/ImageIO.framework/Versions/A/Resources/libRadiance.dylib
0x000000003cfe7000 	/usr/lib/libcompression.dylib
0x000000003cfe7000 	/System/Library/PrivateFrameworks/AppleJPEG.framework/Versions/A/AppleJPEG
0x000000003cfe7000 	/usr/lib/libcups.2.dylib
0x000000003cfe7000 	/System/Library/Frameworks/Kerberos.framework/Versions/A/Kerberos
0x000000003cfe7000 	/System/Library/Frameworks/GSS.framework/Versions/A/GSS
0x000000003cfe7000 	/usr/lib/libresolv.9.dylib
0x000000003cfe7000 	/usr/lib/libiconv.2.dylib
0x000000003cfe7000 	/System/Library/PrivateFrameworks/Heimdal.framework/Versions/A/Heimdal
0x000000003cfe7000 	/usr/lib/libheimdal-asn1.dylib
0x000000003cfe7000 	/System/Library/Frameworks/OpenDirectory.framework/Versions/A/OpenDirectory
0x000000003cfe7000 	/System/Library/PrivateFrameworks/CommonAuth.framework/Versions/A/CommonAuth
0x000000003cfe7000 	/System/Library/Frameworks/OpenDirectory.framework/Versions/A/Frameworks/CFOpenDirectory.framework/Versions/A/CFOpenDirectory
0x000000003cfe7000 	/System/Library/Frameworks/SecurityFoundation.framework/Versions/A/SecurityFoundation
0x000000003cfe7000 	/System/Library/PrivateFrameworks/LanguageModeling.framework/Versions/A/LanguageModeling
0x000000003cfe7000 	/usr/lib/libmarisa.dylib
0x000000003cfe7000 	/usr/lib/libChineseTokenizer.dylib
0x000000003cfe7000 	/usr/lib/libcmph.dylib
0x000000003cfe7000 	/System/Library/PrivateFrameworks/CoreEmoji.framework/Versions/A/CoreEmoji
0x000000003cfe7000 	/System/Library/Frameworks/ServiceManagement.framework/Versions/A/ServiceManagement
0x000000003cfe7000 	/usr/lib/libxslt.1.dylib
0x000000003cfe7000 	/System/Library/Frameworks/Carbon.framework/Versions/A/Frameworks/Ink.framework/Versions/A/Ink
0x000000003cfe7000 	/System/Library/PrivateFrameworks/TextureIO.framework/Versions/A/TextureIO
0x000000003cfe7000 	/System/Library/Frameworks/Metal.framework/Versions/A/Metal
0x000000003cfe7000 	/usr/lib/libate.dylib
0x000000003cfe7000 	/System/Library/PrivateFrameworks/GPUCompiler.framework/libmetal_timestamp.dylib
0x000000003cfe7000 	/System/Library/Frameworks/OpenGL.framework/Versions/A/Libraries/libCoreFSCache.dylib
0x000000003cfe7000 	/System/Library/PrivateFrameworks/IOAccelerator.framework/Versions/A/IOAccelerator
0x000000003cfe7000 	/System/Library/Frameworks/CoreVideo.framework/Versions/A/CoreVideo
0x000000003cfe7000 	/usr/lib/libFosl_dynamic.dylib
0x000000003cfe7000 	/System/Library/PrivateFrameworks/MetalPerformanceShaders.framework/Versions/A/MetalPerformanceShaders
0x000000003cfe7000 	/System/Library/PrivateFrameworks/FaceCore.framework/Versions/A/FaceCore
0x000000003cfe7000 	/System/Library/Frameworks/OpenCL.framework/Versions/A/OpenCL
0x000000003cfe7000 	/System/Library/Frameworks/OpenGL.framework/Versions/A/Libraries/libGLU.dylib
0x000000003cfe7000 	/System/Library/Frameworks/OpenGL.framework/Versions/A/Libraries/libGFXShared.dylib
0x000000003cfe7000 	/System/Library/Frameworks/OpenGL.framework/Versions/A/Libraries/libGL.dylib
0x000000003cfe7000 	/System/Library/Frameworks/OpenGL.framework/Versions/A/Libraries/libGLImage.dylib
0x000000003cfe7000 	/System/Library/Frameworks/OpenGL.framework/Versions/A/Libraries/libCVMSPluginSupport.dylib
0x000000003cfe7000 	/System/Library/Frameworks/OpenGL.framework/Versions/A/Libraries/libCoreVMClient.dylib
0x000000003cfe7000 	/System/Library/PrivateFrameworks/CrashReporterSupport.framework/Versions/A/CrashReporterSupport
0x000000003cfe7000 	/System/Library/PrivateFrameworks/Sharing.framework/Versions/A/Sharing
0x000000003cfe7000 	/System/Library/PrivateFrameworks/IconServices.framework/Versions/A/IconServices
0x000000003cfe7000 	/System/Library/PrivateFrameworks/ProtocolBuffer.framework/Versions/A/ProtocolBuffer
0x000000003cfe7000 	/System/Library/PrivateFrameworks/Apple80211.framework/Versions/A/Apple80211
0x000000003cfe7000 	/System/Library/Frameworks/CoreWLAN.framework/Versions/A/CoreWLAN
0x000000003cfe7000 	/System/Library/PrivateFrameworks/CoreUtils.framework/Versions/A/CoreUtils
0x000000003cfe7000 	/System/Library/Frameworks/IOBluetooth.framework/Versions/A/IOBluetooth
0x000000003cfe7000 	/System/Library/PrivateFrameworks/CoreWiFi.framework/Versions/A/CoreWiFi
0x000000003cfe7000 	/System/Library/Frameworks/CoreBluetooth.framework/Versions/A/CoreBluetooth
0x000000003cfe7000 	/System/Library/Frameworks/CoreDisplay.framework/Versions/A/CoreDisplay
0x000000003cfe7000 	/System/Library/PrivateFrameworks/IOPresentment.framework/Versions/A/IOPresentment
0x000000003cfe7000 	/System/Library/PrivateFrameworks/DSExternalDisplay.framework/Versions/A/DSExternalDisplay
0x000000003cfe7000 	/System/Library/PrivateFrameworks/DebugSymbols.framework/Versions/A/DebugSymbols
0x000000003cfe7000 	/System/Library/PrivateFrameworks/CoreSymbolication.framework/Versions/A/CoreSymbolication
0x000000003cfe7000 	/System/Library/PrivateFrameworks/Symbolication.framework/Versions/A/Symbolication
0x000000003cfe7000 	/System/Library/PrivateFrameworks/AppleFSCompression.framework/Versions/A/AppleFSCompression
0x000000003cfe7000 	/System/Library/PrivateFrameworks/SpeechRecognitionCore.framework/Versions/A/SpeechRecognitionCore
0x000000003cfe7000 	/System/Library/PrivateFrameworks/ChunkingLibrary.framework/Versions/A/ChunkingLibrary
0x0000000107a00000 	/Library/Java/JavaVirtualMachines/jdk1.7.0_80.jdk/Contents/Home/jre/lib/server/libjvm.dylib
0x000000003cfe7000 	/usr/lib/libstdc++.6.dylib
0x00000001069b1000 	/Library/Java/JavaVirtualMachines/jdk1.7.0_80.jdk/Contents/Home/jre/lib/libverify.dylib
0x00000001069be000 	/Library/Java/JavaVirtualMachines/jdk1.7.0_80.jdk/Contents/Home/jre/lib/libjava.dylib
0x0000000108465000 	/Library/Java/JavaVirtualMachines/jdk1.7.0_80.jdk/Contents/Home/jre/lib/libjdwp.dylib
0x00000001069ef000 	/Library/Java/JavaVirtualMachines/jdk1.7.0_80.jdk/Contents/Home/jre/lib/libnpt.dylib
0x00000001084a2000 	/Library/Java/JavaVirtualMachines/jdk1.7.0_80.jdk/Contents/Home/jre/lib/libzip.dylib
0x000000010eac8000 	/System/Library/Frameworks/JavaVM.framework/Frameworks/JavaRuntimeSupport.framework/JavaRuntimeSupport
0x000000010eae2000 	/System/Library/Frameworks/JavaVM.framework/Versions/A/Frameworks/JavaNativeFoundation.framework/Versions/A/JavaNativeFoundation
0x000000010eaf7000 	/System/Library/Frameworks/JavaVM.framework/Versions/A/JavaVM
0x000000003cfe7000 	/System/Library/Frameworks/Carbon.framework/Versions/A/Carbon
0x000000010eb04000 	/System/Library/PrivateFrameworks/JavaLaunching.framework/Versions/A/JavaLaunching
0x000000003cfe7000 	/System/Library/Frameworks/Carbon.framework/Versions/A/Frameworks/CommonPanels.framework/Versions/A/CommonPanels
0x000000003cfe7000 	/System/Library/Frameworks/Carbon.framework/Versions/A/Frameworks/Help.framework/Versions/A/Help
0x000000003cfe7000 	/System/Library/Frameworks/Carbon.framework/Versions/A/Frameworks/ImageCapture.framework/Versions/A/ImageCapture
0x000000003cfe7000 	/System/Library/Frameworks/Carbon.framework/Versions/A/Frameworks/OpenScripting.framework/Versions/A/OpenScripting
0x000000003cfe7000 	/System/Library/Frameworks/Carbon.framework/Versions/A/Frameworks/Print.framework/Versions/A/Print
0x000000003cfe7000 	/System/Library/Frameworks/Carbon.framework/Versions/A/Frameworks/SecurityHI.framework/Versions/A/SecurityHI
0x000000010eb54000 	/Library/Java/JavaVirtualMachines/jdk1.7.0_80.jdk/Contents/Home/jre/lib/libdt_socket.dylib

VM Arguments:
jvm_args: -agentlib:jdwp=transport=dt_socket,suspend=y,address=localhost:64647 -Dfile.encoding=UTF-8 
java_command: sameSum.SameSum
Launcher Type: SUN_STANDARD

Environment Variables:
PATH=/usr/bin:/bin:/usr/sbin:/sbin
SHELL=/bin/bash

Signal Handlers:
SIGSEGV: [libjvm.dylib+0x52e8c9], sa_mask[0]=0xfffefeff, sa_flags=0x00000043
SIGBUS: [libjvm.dylib+0x52e8c9], sa_mask[0]=0xfffefeff, sa_flags=0x00000042
SIGFPE: [libjvm.dylib+0x42022e], sa_mask[0]=0xfffefeff, sa_flags=0x00000042
SIGPIPE: [libjvm.dylib+0x42022e], sa_mask[0]=0xfffefeff, sa_flags=0x00000042
SIGXFSZ: [libjvm.dylib+0x42022e], sa_mask[0]=0xfffefeff, sa_flags=0x00000042
SIGILL: [libjvm.dylib+0x42022e], sa_mask[0]=0xfffefeff, sa_flags=0x00000042
SIGUSR1: SIG_DFL, sa_mask[0]=0x00000000, sa_flags=0x00000000
SIGUSR2: [libjvm.dylib+0x41fd20], sa_mask[0]=0x00000004, sa_flags=0x00000042
SIGHUP: [libjvm.dylib+0x41dfd5], sa_mask[0]=0xfffefeff, sa_flags=0x00000042
SIGINT: [libjvm.dylib+0x41dfd5], sa_mask[0]=0xfffefeff, sa_flags=0x00000042
SIGTERM: [libjvm.dylib+0x41dfd5], sa_mask[0]=0xfffefeff, sa_flags=0x00000042
SIGQUIT: [libjvm.dylib+0x41dfd5], sa_mask[0]=0xfffefeff, sa_flags=0x00000042


---------------  S Y S T E M  ---------------

OS:Bsduname:Darwin 16.7.0 Darwin Kernel Version 16.7.0: Thu Jun 15 17:36:27 PDT 2017; root:xnu-3789.70.16~2/RELEASE_X86_64 x86_64
rlimit: STACK 8192k, CORE 0k, NPROC 709, NOFILE 10240, AS infinity
load average:1.58 2.07 2.15

CPU:total 8 (4 cores per cpu, 2 threads per core) family 6 model 70 stepping 1, cmov, cx8, fxsr, mmx, sse, sse2, sse3, ssse3, sse4.1, sse4.2, popcnt, avx, avx2, aes, erms, ht, tsc, tscinvbit

Memory: 4k page, physical 16777216k(4194304k free)

/proc/meminfo:


vm_info: Java HotSpot(TM) 64-Bit Server VM (24.80-b11) for bsd-amd64 JRE (1.7.0_80-b15), built on Apr 10 2015 11:25:43 by "java_re" with gcc 4.2.1 (Based on Apple Inc. build 5658) (LLVM build 2336.11.00)

time: Mon Oct  9 15:30:48 2017
elapsed time: 339 seconds

